<?xml version="1.0" encoding="UTF-8"?>
<testsuite xmlns:xsi="http://www.w3.org/2001/XMLSchema-instance" xsi:noNamespaceSchemaLocation="https://maven.apache.org/surefire/maven-surefire-plugin/xsd/surefire-test-report.xsd" name="cucumber.Options.TestRunner" time="8.824" tests="3" errors="0" skipped="0" failures="0">
  <properties>
[...]
</properties>
  <testcase name="Verify if place is being successfully add using AddPlaceAPI #1" classname="Validating Place APIs" time="6.945"/>
  <testcase name="Verify if place is being successfully add using AddPlaceAPI #2" classname="Validating Place APIs" time="0.532"/>
  <testcase name="Verify if Delete Place functionality is working" classname="Validating Place APIs" time="0.189"/>
</testsuite>